<?xml version="1.0" encoding="UTF-8"?>
<testsuite name="Expression set" tests="1" skipped="0" failures="0" errors="0" timestamp="2023-05-05T15:33:38" hostname="QV-4097" time="2101.129">
  <properties/>
  <testcase name="Validate values after execute en expression set simulation" classname="Expression set" time="2101.129"/>
  <system-out><![CDATA[]]></system-out>
  <system-err><![CDATA[may 05, 2023 10:33:39 AM org.openqa.selenium.remote.DesiredCapabilities chrome
INFORMACIÓN: Using `new ChromeOptions()` is preferred to `DesiredCapabilities.chrome()`
Starting ChromeDriver 111.0.5563.64 (c710e93d5b63b7095afe8c2c17df34408078439d-refs/branch-heads/5563@{#995}) on port 11634
Only local connections are allowed.
Please see https://chromedriver.chromium.org/security-considerations for suggestions on keeping ChromeDriver safe.
ChromeDriver was started successfully.
[1683300821.764][WARNING]: This version of ChromeDriver has not been tested with Chrome version 112.
may 05, 2023 10:33:41 AM org.openqa.selenium.remote.ProtocolHandshake createSession
INFORMACIÓN: Detected dialect: W3C
[Test worker] INFO net.serenitybdd.core.Serenity - 
        __    _____ _____ ____ _____   ____   _    ____  ____  _____ ____  
  _     \ \  |_   _| ____/ ___|_   _| |  _ \ / \  / ___|/ ___|| ____|  _ \ 
 (_)_____| |   | | |  _| \___ \ | |   | |_) / _ \ \___ \\___ \|  _| | | | |
  _|_____| |   | | | |___ ___) || |   |  __/ ___ \ ___) |___) | |___| |_| |
 (_)     | |   |_| |_____|____/ |_|   |_| /_/   \_\____/|____/|_____|____/ 
        /_/                                                                

TEST PASSED: Validate values after execute en expression set simulation
----------------------------------------------------------------------------
]]></system-err>
</testsuite>
